Determining if the function log exists failed with the following output:
Change Dir: /home/brandon/skillStudy/backup/cmake_officialTutorial/6step/build/CMakeFiles/CMakeTmp

Run Build Command:/usr/bin/make "cmTryCompileExec1945173623/fast"
/usr/bin/make -f CMakeFiles/cmTryCompileExec1945173623.dir/build.make CMakeFiles/cmTryCompileExec1945173623.dir/build
make[1]: Entering directory `/home/brandon/skillStudy/backup/cmake_officialTutorial/6step/build/CMakeFiles/CMakeTmp'
/usr/bin/cmake -E cmake_progress_report /home/brandon/skillStudy/backup/cmake_officialTutorial/6step/build/CMakeFiles/CMakeTmp/CMakeFiles 1
Building C object CMakeFiles/cmTryCompileExec1945173623.dir/CheckFunctionExists.c.o
/usr/bin/cc   -DCHECK_FUNCTION_EXISTS=log   -o CMakeFiles/cmTryCompileExec1945173623.dir/CheckFunctionExists.c.o   -c /usr/share/cmake-2.8/Modules/CheckFunctionExists.c
<command-line>:0:23: warning: conflicting types for built-in function ‘log’ [enabled by default]
/usr/share/cmake-2.8/Modules/CheckFunctionExists.c:3:6: note: in expansion of macro ‘CHECK_FUNCTION_EXISTS’
 char CHECK_FUNCTION_EXISTS();
      ^
Linking C executable cmTryCompileExec1945173623
/usr/bin/cmake -E cmake_link_script CMakeFiles/cmTryCompileExec1945173623.dir/link.txt --verbose=1
/usr/bin/cc   -DCHECK_FUNCTION_EXISTS=log    CMakeFiles/cmTryCompileExec1945173623.dir/CheckFunctionExists.c.o  -o cmTryCompileExec1945173623 -rdynamic 
CMakeFiles/cmTryCompileExec1945173623.dir/CheckFunctionExists.c.o: In function `main':
CheckFunctionExists.c:(.text+0x15): undefined reference to `log'
collect2: error: ld returned 1 exit status
make[1]: Leaving directory `/home/brandon/skillStudy/backup/cmake_officialTutorial/6step/build/CMakeFiles/CMakeTmp'
make[1]: *** [cmTryCompileExec1945173623] Error 1
make: *** [cmTryCompileExec1945173623/fast] Error 2


Determining if the function exp exists failed with the following output:
Change Dir: /home/brandon/skillStudy/backup/cmake_officialTutorial/6step/build/CMakeFiles/CMakeTmp

Run Build Command:/usr/bin/make "cmTryCompileExec3444052219/fast"
/usr/bin/make -f CMakeFiles/cmTryCompileExec3444052219.dir/build.make CMakeFiles/cmTryCompileExec3444052219.dir/build
make[1]: Entering directory `/home/brandon/skillStudy/backup/cmake_officialTutorial/6step/build/CMakeFiles/CMakeTmp'
/usr/bin/cmake -E cmake_progress_report /home/brandon/skillStudy/backup/cmake_officialTutorial/6step/build/CMakeFiles/CMakeTmp/CMakeFiles 1
Building C object CMakeFiles/cmTryCompileExec3444052219.dir/CheckFunctionExists.c.o
/usr/bin/cc   -DCHECK_FUNCTION_EXISTS=exp   -o CMakeFiles/cmTryCompileExec3444052219.dir/CheckFunctionExists.c.o   -c /usr/share/cmake-2.8/Modules/CheckFunctionExists.c
<command-line>:0:23: warning: conflicting types for built-in function ‘exp’ [enabled by default]
/usr/share/cmake-2.8/Modules/CheckFunctionExists.c:3:6: note: in expansion of macro ‘CHECK_FUNCTION_EXISTS’
 char CHECK_FUNCTION_EXISTS();
      ^
Linking C executable cmTryCompileExec3444052219
/usr/bin/cmake -E cmake_link_script CMakeFiles/cmTryCompileExec3444052219.dir/link.txt --verbose=1
/usr/bin/cc   -DCHECK_FUNCTION_EXISTS=exp    CMakeFiles/cmTryCompileExec3444052219.dir/CheckFunctionExists.c.o  -o cmTryCompileExec3444052219 -rdynamic 
CMakeFiles/cmTryCompileExec3444052219.dir/CheckFunctionExists.c.o: In function `main':
CheckFunctionExists.c:(.text+0x15): undefined reference to `exp'
collect2: error: ld returned 1 exit status
make[1]: Leaving directory `/home/brandon/skillStudy/backup/cmake_officialTutorial/6step/build/CMakeFiles/CMakeTmp'
make[1]: *** [cmTryCompileExec3444052219] Error 1
make: *** [cmTryCompileExec3444052219/fast] Error 2


